<?xml version="1.0" encoding="UTF-8"?>
<!-- Generated by org.testng.reporters.JUnitXMLReporter -->
<testsuite hostname="gigla" ignored="3" name="Creating Database Test" tests="5" failures="0" timestamp="13 авг 2017 20:46:42 GMT" time="41.149" errors="0">
  <testcase name="login" time="2.088" classname="com.epam.ScenarioScenario"/>
  <testcase name="createDB" time="5.298" classname="com.epam.ScenarioScenario"/>
  <testcase name="createTable" time="9.725" classname="com.epam.ScenarioScenario"/>
  <testcase name="checkTable" time="16.221" classname="com.epam.ScenarioScenario"/>
  <testcase name="checkStorAndCollat" time="3.841" classname="com.epam.ScenarioScenario"/>
  <testcase name="checkRows" time="0.0" classname="com.epam.ScenarioScenario">
    <ignored/>
  </testcase> <!-- checkRows -->
  <testcase name="createRows" time="0.0" classname="com.epam.ScenarioScenario">
    <ignored/>
  </testcase> <!-- createRows -->
  <testcase name="dropDB" time="0.0" classname="com.epam.ScenarioScenario">
    <ignored/>
  </testcase> <!-- dropDB -->
</testsuite> <!-- Creating Database Test -->
