<?xml version="1.0" encoding="UTF-8"?>
<!-- Generated by org.testng.reporters.JUnitXMLReporter -->
<testsuite hostname="gigla" ignored="5" name="Creating Data Test" tests="3" failures="0" timestamp="13 авг 2017 20:47:00 GMT" time="18.701" errors="0">
  <testcase name="login" time="1.744" classname="com.epam.ScenarioScenario"/>
  <testcase name="createRows" time="11.046" classname="com.epam.ScenarioScenario"/>
  <testcase name="checkRows" time="2.188" classname="com.epam.ScenarioScenario"/>
  <testcase name="checkTable" time="0.0" classname="com.epam.ScenarioScenario">
    <ignored/>
  </testcase> <!-- checkTable -->
  <testcase name="createTable" time="0.0" classname="com.epam.ScenarioScenario">
    <ignored/>
  </testcase> <!-- createTable -->
  <testcase name="dropDB" time="0.0" classname="com.epam.ScenarioScenario">
    <ignored/>
  </testcase> <!-- dropDB -->
  <testcase name="checkStorAndCollat" time="0.0" classname="com.epam.ScenarioScenario">
    <ignored/>
  </testcase> <!-- checkStorAndCollat -->
  <testcase name="createDB" time="0.0" classname="com.epam.ScenarioScenario">
    <ignored/>
  </testcase> <!-- createDB -->
</testsuite> <!-- Creating Data Test -->
