<?xml version="1.0" encoding="UTF-8"?>
<!-- Generated by org.testng.reporters.JUnitXMLReporter -->
<testsuite hostname="gigla" ignored="7" name="Logging Test" tests="1" failures="0" timestamp="13 авг 2017 20:46:00 GMT" time="7.696" errors="0">
  <testcase name="login" time="2.269" classname="com.epam.ScenarioScenario"/>
  <testcase name="checkRows" time="0.0" classname="com.epam.ScenarioScenario">
    <ignored/>
  </testcase> <!-- checkRows -->
  <testcase name="checkTable" time="0.0" classname="com.epam.ScenarioScenario">
    <ignored/>
  </testcase> <!-- checkTable -->
  <testcase name="createRows" time="0.0" classname="com.epam.ScenarioScenario">
    <ignored/>
  </testcase> <!-- createRows -->
  <testcase name="createTable" time="0.0" classname="com.epam.ScenarioScenario">
    <ignored/>
  </testcase> <!-- createTable -->
  <testcase name="dropDB" time="0.0" classname="com.epam.ScenarioScenario">
    <ignored/>
  </testcase> <!-- dropDB -->
  <testcase name="checkStorAndCollat" time="0.0" classname="com.epam.ScenarioScenario">
    <ignored/>
  </testcase> <!-- checkStorAndCollat -->
  <testcase name="createDB" time="0.0" classname="com.epam.ScenarioScenario">
    <ignored/>
  </testcase> <!-- createDB -->
</testsuite> <!-- Logging Test -->
